[2016-11-30 23:06:16.849] [ERROR] console - Error: Cannot find module 'html'
    at Function.Module._resolveFilename (module.js:469:15)
    at Function.Module._load (module.js:417:25)
    at Module.require (module.js:497:17)
    at require (internal/module.js:20:19)
    at new View (C:\Users\Administrator\Desktop\mongodb\node_modules\express\lib\view.js:78:30)
    at EventEmitter.render (C:\Users\Administrator\Desktop\mongodb\node_modules\express\lib\application.js:569:12)
    at ServerResponse.render (C:\Users\Administrator\Desktop\mongodb\node_modules\express\lib\response.js:961:7)
    at C:\Users\Administrator\Desktop\mongodb\app.js:53:7
    at Layer.handle_error (C:\Users\Administrator\Desktop\mongodb\node_modules\express\lib\router\layer.js:71:5)
    at trim_prefix (C:\Users\Administrator\Desktop\mongodb\node_modules\express\lib\router\index.js:310:13)
[2016-11-30 23:06:18.131] [ERROR] console - Error: Cannot find module 'html'
    at Function.Module._resolveFilename (module.js:469:15)
    at Function.Module._load (module.js:417:25)
    at Module.require (module.js:497:17)
    at require (internal/module.js:20:19)
    at new View (C:\Users\Administrator\Desktop\mongodb\node_modules\express\lib\view.js:78:30)
    at EventEmitter.render (C:\Users\Administrator\Desktop\mongodb\node_modules\express\lib\application.js:569:12)
    at ServerResponse.render (C:\Users\Administrator\Desktop\mongodb\node_modules\express\lib\response.js:961:7)
    at C:\Users\Administrator\Desktop\mongodb\app.js:53:7
    at Layer.handle_error (C:\Users\Administrator\Desktop\mongodb\node_modules\express\lib\router\layer.js:71:5)
    at trim_prefix (C:\Users\Administrator\Desktop\mongodb\node_modules\express\lib\router\index.js:310:13)
[2016-11-30 23:06:38.688] [ERROR] console - Error: No default engine was specified and no extension was provided.
    at new View (C:\Users\Administrator\Desktop\mongodb\node_modules\express\lib\view.js:62:11)
    at EventEmitter.render (C:\Users\Administrator\Desktop\mongodb\node_modules\express\lib\application.js:569:12)
    at ServerResponse.render (C:\Users\Administrator\Desktop\mongodb\node_modules\express\lib\response.js:961:7)
    at C:\Users\Administrator\Desktop\mongodb\app.js:53:7
    at Layer.handle_error (C:\Users\Administrator\Desktop\mongodb\node_modules\express\lib\router\layer.js:71:5)
    at trim_prefix (C:\Users\Administrator\Desktop\mongodb\node_modules\express\lib\router\index.js:310:13)
    at C:\Users\Administrator\Desktop\mongodb\node_modules\express\lib\router\index.js:280:7
    at Function.process_params (C:\Users\Administrator\Desktop\mongodb\node_modules\express\lib\router\index.js:330:12)
    at next (C:\Users\Administrator\Desktop\mongodb\node_modules\express\lib\router\index.js:271:10)
    at Layer.handle_error (C:\Users\Administrator\Desktop\mongodb\node_modules\express\lib\router\layer.js:73:5)
[2016-11-30 23:16:50.352] [ERROR] console - Error: Failed to lookup view "error" in views directory "C:\Users\Administrator\Desktop\mongodb\views"
    at EventEmitter.render (C:\Users\Administrator\Desktop\mongodb\node_modules\express\lib\application.js:579:17)
    at ServerResponse.render (C:\Users\Administrator\Desktop\mongodb\node_modules\express\lib\response.js:961:7)
    at C:\Users\Administrator\Desktop\mongodb\app.js:54:7
    at Layer.handle_error (C:\Users\Administrator\Desktop\mongodb\node_modules\express\lib\router\layer.js:71:5)
    at trim_prefix (C:\Users\Administrator\Desktop\mongodb\node_modules\express\lib\router\index.js:310:13)
    at C:\Users\Administrator\Desktop\mongodb\node_modules\express\lib\router\index.js:280:7
    at Function.process_params (C:\Users\Administrator\Desktop\mongodb\node_modules\express\lib\router\index.js:330:12)
    at IncomingMessage.next (C:\Users\Administrator\Desktop\mongodb\node_modules\express\lib\router\index.js:271:10)
    at done (C:\Users\Administrator\Desktop\mongodb\node_modules\express\lib\response.js:956:25)
    at EventEmitter.render (C:\Users\Administrator\Desktop\mongodb\node_modules\express\lib\application.js:581:14)
[2016-11-30 23:16:51.330] [ERROR] console - Error: Failed to lookup view "error" in views directory "C:\Users\Administrator\Desktop\mongodb\views"
    at EventEmitter.render (C:\Users\Administrator\Desktop\mongodb\node_modules\express\lib\application.js:579:17)
    at ServerResponse.render (C:\Users\Administrator\Desktop\mongodb\node_modules\express\lib\response.js:961:7)
    at C:\Users\Administrator\Desktop\mongodb\app.js:54:7
    at Layer.handle_error (C:\Users\Administrator\Desktop\mongodb\node_modules\express\lib\router\layer.js:71:5)
    at trim_prefix (C:\Users\Administrator\Desktop\mongodb\node_modules\express\lib\router\index.js:310:13)
    at C:\Users\Administrator\Desktop\mongodb\node_modules\express\lib\router\index.js:280:7
    at Function.process_params (C:\Users\Administrator\Desktop\mongodb\node_modules\express\lib\router\index.js:330:12)
    at IncomingMessage.next (C:\Users\Administrator\Desktop\mongodb\node_modules\express\lib\router\index.js:271:10)
    at done (C:\Users\Administrator\Desktop\mongodb\node_modules\express\lib\response.js:956:25)
    at EventEmitter.render (C:\Users\Administrator\Desktop\mongodb\node_modules\express\lib\application.js:581:14)
