[2016-12-01 17:59:16.030] [ERROR] console - config-lite load `default` failed
[2016-12-01 17:59:16.032] [ERROR] console - Error: Cannot find module 'default' from 'C:\Users\achen\Desktop\mongodb'
    at Function.module.exports [as sync] (C:\Users\achen\Desktop\mongodb\node_modules\resolve\lib\sync.js:33:11)
    at loadConfig (C:\Users\achen\Desktop\mongodb\node_modules\config-lite\index.js:32:26)
    at Object.<anonymous> (C:\Users\achen\Desktop\mongodb\node_modules\config-lite\index.js:18:20)
    at Module._compile (module.js:541:32)
    at Object.Module._extensions..js (module.js:550:10)
    at Module.load (module.js:456:32)
    at tryModuleLoad (module.js:415:12)
    at Function.Module._load (module.js:407:3)
    at Module.require (module.js:466:17)
    at require (internal/module.js:20:19)
    at Object.<anonymous> (C:\Users\achen\Desktop\mongodb\lib\mongo.js:1:78)
    at Module._compile (module.js:541:32)
    at Object.Module._extensions..js (module.js:550:10)
    at Module.load (module.js:456:32)
    at tryModuleLoad (module.js:415:12)
    at Function.Module._load (module.js:407:3)
[2016-12-01 17:59:16.035] [ERROR] console - config-lite load `default` failed
[2016-12-01 17:59:16.035] [ERROR] console - Error: Cannot find module 'default' from 'C:\Users\achen\Desktop\mongodb'
    at Function.module.exports [as sync] (C:\Users\achen\Desktop\mongodb\node_modules\resolve\lib\sync.js:33:11)
    at loadConfig (C:\Users\achen\Desktop\mongodb\node_modules\config-lite\index.js:32:26)
    at Object.<anonymous> (C:\Users\achen\Desktop\mongodb\node_modules\config-lite\index.js:25:42)
    at Module._compile (module.js:541:32)
    at Object.Module._extensions..js (module.js:550:10)
    at Module.load (module.js:456:32)
    at tryModuleLoad (module.js:415:12)
    at Function.Module._load (module.js:407:3)
    at Module.require (module.js:466:17)
    at require (internal/module.js:20:19)
    at Object.<anonymous> (C:\Users\achen\Desktop\mongodb\lib\mongo.js:1:78)
    at Module._compile (module.js:541:32)
    at Object.Module._extensions..js (module.js:550:10)
    at Module.load (module.js:456:32)
    at tryModuleLoad (module.js:415:12)
    at Function.Module._load (module.js:407:3)
[2016-12-01 18:00:55.907] [ERROR] console - config-lite load `default` failed
[2016-12-01 18:00:55.909] [ERROR] console - Error: Cannot find module 'default' from 'C:\Users\achen\Desktop\mongodb'
    at Function.module.exports [as sync] (C:\Users\achen\Desktop\mongodb\node_modules\resolve\lib\sync.js:33:11)
    at loadConfig (C:\Users\achen\Desktop\mongodb\node_modules\config-lite\index.js:32:26)
    at Object.<anonymous> (C:\Users\achen\Desktop\mongodb\node_modules\config-lite\index.js:18:20)
    at Module._compile (module.js:541:32)
    at Object.Module._extensions..js (module.js:550:10)
    at Module.load (module.js:456:32)
    at tryModuleLoad (module.js:415:12)
    at Function.Module._load (module.js:407:3)
    at Module.require (module.js:466:17)
    at require (internal/module.js:20:19)
    at Object.<anonymous> (C:\Users\achen\Desktop\mongodb\lib\mongo.js:1:78)
    at Module._compile (module.js:541:32)
    at Object.Module._extensions..js (module.js:550:10)
    at Module.load (module.js:456:32)
    at tryModuleLoad (module.js:415:12)
    at Function.Module._load (module.js:407:3)
[2016-12-01 18:00:55.914] [ERROR] console - config-lite load `default` failed
[2016-12-01 18:00:55.914] [ERROR] console - Error: Cannot find module 'default' from 'C:\Users\achen\Desktop\mongodb'
    at Function.module.exports [as sync] (C:\Users\achen\Desktop\mongodb\node_modules\resolve\lib\sync.js:33:11)
    at loadConfig (C:\Users\achen\Desktop\mongodb\node_modules\config-lite\index.js:32:26)
    at Object.<anonymous> (C:\Users\achen\Desktop\mongodb\node_modules\config-lite\index.js:25:42)
    at Module._compile (module.js:541:32)
    at Object.Module._extensions..js (module.js:550:10)
    at Module.load (module.js:456:32)
    at tryModuleLoad (module.js:415:12)
    at Function.Module._load (module.js:407:3)
    at Module.require (module.js:466:17)
    at require (internal/module.js:20:19)
    at Object.<anonymous> (C:\Users\achen\Desktop\mongodb\lib\mongo.js:1:78)
    at Module._compile (module.js:541:32)
    at Object.Module._extensions..js (module.js:550:10)
    at Module.load (module.js:456:32)
    at tryModuleLoad (module.js:415:12)
    at Function.Module._load (module.js:407:3)
[2016-12-01 18:05:09.176] [ERROR] console - Error: Can't set headers after they are sent.
    at ServerResponse.OutgoingMessage.setHeader (_http_outgoing.js:346:11)
    at ServerResponse.header (C:\Users\achen\Desktop\mongodb\node_modules\express\lib\response.js:718:10)
    at ServerResponse.location (C:\Users\achen\Desktop\mongodb\node_modules\express\lib\response.js:835:8)
    at ServerResponse.redirect (C:\Users\achen\Desktop\mongodb\node_modules\express\lib\response.js:874:8)
    at C:\Users\achen\Desktop\mongodb\routes\index.js:3:9
    at Layer.handle [as handle_request] (C:\Users\achen\Desktop\mongodb\node_modules\express\lib\router\layer.js:95:5)
    at next (C:\Users\achen\Desktop\mongodb\node_modules\express\lib\router\route.js:131:13)
    at Route.dispatch (C:\Users\achen\Desktop\mongodb\node_modules\express\lib\router\route.js:112:3)
    at Layer.handle [as handle_request] (C:\Users\achen\Desktop\mongodb\node_modules\express\lib\router\layer.js:95:5)
    at C:\Users\achen\Desktop\mongodb\node_modules\express\lib\router\index.js:277:22
    at Function.process_params (C:\Users\achen\Desktop\mongodb\node_modules\express\lib\router\index.js:330:12)
    at next (C:\Users\achen\Desktop\mongodb\node_modules\express\lib\router\index.js:271:10)
    at Layer.handle [as handle_request] (C:\Users\achen\Desktop\mongodb\node_modules\express\lib\router\layer.js:91:12)
    at trim_prefix (C:\Users\achen\Desktop\mongodb\node_modules\express\lib\router\index.js:312:13)
    at C:\Users\achen\Desktop\mongodb\node_modules\express\lib\router\index.js:280:7
    at Function.process_params (C:\Users\achen\Desktop\mongodb\node_modules\express\lib\router\index.js:330:12)
[2016-12-01 18:05:09.196] [ERROR] console - Error: Can't set headers after they are sent.
    at ServerResponse.OutgoingMessage.setHeader (_http_outgoing.js:346:11)
    at ServerResponse.header (C:\Users\achen\Desktop\mongodb\node_modules\express\lib\response.js:718:10)
    at ServerResponse.location (C:\Users\achen\Desktop\mongodb\node_modules\express\lib\response.js:835:8)
    at ServerResponse.redirect (C:\Users\achen\Desktop\mongodb\node_modules\express\lib\response.js:874:8)
    at C:\Users\achen\Desktop\mongodb\routes\index.js:3:9
    at Layer.handle [as handle_request] (C:\Users\achen\Desktop\mongodb\node_modules\express\lib\router\layer.js:95:5)
    at next (C:\Users\achen\Desktop\mongodb\node_modules\express\lib\router\route.js:131:13)
    at Route.dispatch (C:\Users\achen\Desktop\mongodb\node_modules\express\lib\router\route.js:112:3)
    at Layer.handle [as handle_request] (C:\Users\achen\Desktop\mongodb\node_modules\express\lib\router\layer.js:95:5)
    at C:\Users\achen\Desktop\mongodb\node_modules\express\lib\router\index.js:277:22
    at Function.process_params (C:\Users\achen\Desktop\mongodb\node_modules\express\lib\router\index.js:330:12)
    at next (C:\Users\achen\Desktop\mongodb\node_modules\express\lib\router\index.js:271:10)
    at Layer.handle [as handle_request] (C:\Users\achen\Desktop\mongodb\node_modules\express\lib\router\layer.js:91:12)
    at trim_prefix (C:\Users\achen\Desktop\mongodb\node_modules\express\lib\router\index.js:312:13)
    at C:\Users\achen\Desktop\mongodb\node_modules\express\lib\router\index.js:280:7
    at Function.process_params (C:\Users\achen\Desktop\mongodb\node_modules\express\lib\router\index.js:330:12)
[2016-12-01 18:05:09.726] [ERROR] console - Error: Can't set headers after they are sent.
    at ServerResponse.OutgoingMessage.setHeader (_http_outgoing.js:346:11)
    at ServerResponse.header (C:\Users\achen\Desktop\mongodb\node_modules\express\lib\response.js:718:10)
    at ServerResponse.location (C:\Users\achen\Desktop\mongodb\node_modules\express\lib\response.js:835:8)
    at ServerResponse.redirect (C:\Users\achen\Desktop\mongodb\node_modules\express\lib\response.js:874:8)
    at C:\Users\achen\Desktop\mongodb\routes\index.js:3:9
    at Layer.handle [as handle_request] (C:\Users\achen\Desktop\mongodb\node_modules\express\lib\router\layer.js:95:5)
    at next (C:\Users\achen\Desktop\mongodb\node_modules\express\lib\router\route.js:131:13)
    at Route.dispatch (C:\Users\achen\Desktop\mongodb\node_modules\express\lib\router\route.js:112:3)
    at Layer.handle [as handle_request] (C:\Users\achen\Desktop\mongodb\node_modules\express\lib\router\layer.js:95:5)
    at C:\Users\achen\Desktop\mongodb\node_modules\express\lib\router\index.js:277:22
    at Function.process_params (C:\Users\achen\Desktop\mongodb\node_modules\express\lib\router\index.js:330:12)
    at next (C:\Users\achen\Desktop\mongodb\node_modules\express\lib\router\index.js:271:10)
    at Layer.handle [as handle_request] (C:\Users\achen\Desktop\mongodb\node_modules\express\lib\router\layer.js:91:12)
    at trim_prefix (C:\Users\achen\Desktop\mongodb\node_modules\express\lib\router\index.js:312:13)
    at C:\Users\achen\Desktop\mongodb\node_modules\express\lib\router\index.js:280:7
    at Function.process_params (C:\Users\achen\Desktop\mongodb\node_modules\express\lib\router\index.js:330:12)
[2016-12-01 18:05:09.736] [ERROR] console - Error: Can't set headers after they are sent.
    at ServerResponse.OutgoingMessage.setHeader (_http_outgoing.js:346:11)
    at ServerResponse.header (C:\Users\achen\Desktop\mongodb\node_modules\express\lib\response.js:718:10)
    at ServerResponse.location (C:\Users\achen\Desktop\mongodb\node_modules\express\lib\response.js:835:8)
    at ServerResponse.redirect (C:\Users\achen\Desktop\mongodb\node_modules\express\lib\response.js:874:8)
    at C:\Users\achen\Desktop\mongodb\routes\index.js:3:9
    at Layer.handle [as handle_request] (C:\Users\achen\Desktop\mongodb\node_modules\express\lib\router\layer.js:95:5)
    at next (C:\Users\achen\Desktop\mongodb\node_modules\express\lib\router\route.js:131:13)
    at Route.dispatch (C:\Users\achen\Desktop\mongodb\node_modules\express\lib\router\route.js:112:3)
    at Layer.handle [as handle_request] (C:\Users\achen\Desktop\mongodb\node_modules\express\lib\router\layer.js:95:5)
    at C:\Users\achen\Desktop\mongodb\node_modules\express\lib\router\index.js:277:22
    at Function.process_params (C:\Users\achen\Desktop\mongodb\node_modules\express\lib\router\index.js:330:12)
    at next (C:\Users\achen\Desktop\mongodb\node_modules\express\lib\router\index.js:271:10)
    at Layer.handle [as handle_request] (C:\Users\achen\Desktop\mongodb\node_modules\express\lib\router\layer.js:91:12)
    at trim_prefix (C:\Users\achen\Desktop\mongodb\node_modules\express\lib\router\index.js:312:13)
    at C:\Users\achen\Desktop\mongodb\node_modules\express\lib\router\index.js:280:7
    at Function.process_params (C:\Users\achen\Desktop\mongodb\node_modules\express\lib\router\index.js:330:12)
[2016-12-01 18:08:17.407] [ERROR] console - Error: Can't set headers after they are sent.
    at ServerResponse.OutgoingMessage.setHeader (_http_outgoing.js:346:11)
    at ServerResponse.header (C:\Users\achen\Desktop\mongodb\node_modules\express\lib\response.js:718:10)
    at ServerResponse.location (C:\Users\achen\Desktop\mongodb\node_modules\express\lib\response.js:835:8)
    at ServerResponse.redirect (C:\Users\achen\Desktop\mongodb\node_modules\express\lib\response.js:874:8)
    at C:\Users\achen\Desktop\mongodb\routes\index.js:3:9
    at Layer.handle [as handle_request] (C:\Users\achen\Desktop\mongodb\node_modules\express\lib\router\layer.js:95:5)
    at next (C:\Users\achen\Desktop\mongodb\node_modules\express\lib\router\route.js:131:13)
    at Route.dispatch (C:\Users\achen\Desktop\mongodb\node_modules\express\lib\router\route.js:112:3)
    at Layer.handle [as handle_request] (C:\Users\achen\Desktop\mongodb\node_modules\express\lib\router\layer.js:95:5)
    at C:\Users\achen\Desktop\mongodb\node_modules\express\lib\router\index.js:277:22
    at Function.process_params (C:\Users\achen\Desktop\mongodb\node_modules\express\lib\router\index.js:330:12)
    at next (C:\Users\achen\Desktop\mongodb\node_modules\express\lib\router\index.js:271:10)
    at Layer.handle [as handle_request] (C:\Users\achen\Desktop\mongodb\node_modules\express\lib\router\layer.js:91:12)
    at trim_prefix (C:\Users\achen\Desktop\mongodb\node_modules\express\lib\router\index.js:312:13)
    at C:\Users\achen\Desktop\mongodb\node_modules\express\lib\router\index.js:280:7
    at Function.process_params (C:\Users\achen\Desktop\mongodb\node_modules\express\lib\router\index.js:330:12)
[2016-12-01 18:08:17.418] [ERROR] console - Error: Can't set headers after they are sent.
    at ServerResponse.OutgoingMessage.setHeader (_http_outgoing.js:346:11)
    at ServerResponse.header (C:\Users\achen\Desktop\mongodb\node_modules\express\lib\response.js:718:10)
    at ServerResponse.location (C:\Users\achen\Desktop\mongodb\node_modules\express\lib\response.js:835:8)
    at ServerResponse.redirect (C:\Users\achen\Desktop\mongodb\node_modules\express\lib\response.js:874:8)
    at C:\Users\achen\Desktop\mongodb\routes\index.js:3:9
    at Layer.handle [as handle_request] (C:\Users\achen\Desktop\mongodb\node_modules\express\lib\router\layer.js:95:5)
    at next (C:\Users\achen\Desktop\mongodb\node_modules\express\lib\router\route.js:131:13)
    at Route.dispatch (C:\Users\achen\Desktop\mongodb\node_modules\express\lib\router\route.js:112:3)
    at Layer.handle [as handle_request] (C:\Users\achen\Desktop\mongodb\node_modules\express\lib\router\layer.js:95:5)
    at C:\Users\achen\Desktop\mongodb\node_modules\express\lib\router\index.js:277:22
    at Function.process_params (C:\Users\achen\Desktop\mongodb\node_modules\express\lib\router\index.js:330:12)
    at next (C:\Users\achen\Desktop\mongodb\node_modules\express\lib\router\index.js:271:10)
    at Layer.handle [as handle_request] (C:\Users\achen\Desktop\mongodb\node_modules\express\lib\router\layer.js:91:12)
    at trim_prefix (C:\Users\achen\Desktop\mongodb\node_modules\express\lib\router\index.js:312:13)
    at C:\Users\achen\Desktop\mongodb\node_modules\express\lib\router\index.js:280:7
    at Function.process_params (C:\Users\achen\Desktop\mongodb\node_modules\express\lib\router\index.js:330:12)
